{"C:\\Users\\leofe\\Documents\\ProjetB3\\models\\Civilite.ts": {"path":"C:\\Users\\leofe\\Documents\\ProjetB3\\models\\Civilite.ts","statementMap":{"0":{"start":{"line":6,"column":8},"end":{"line":6,"column":null}},"1":{"start":{"line":7,"column":8},"end":{"line":7,"column":null}},"2":{"start":{"line":1,"column":0},"end":{"line":1,"column":13}}},"fnMap":{"0":{"name":"(anonymous_0)","decl":{"start":{"line":5,"column":4},"end":{"line":5,"column":16}},"loc":{"start":{"line":5,"column":40},"end":{"line":8,"column":5}}}},"branchMap":{},"s":{"0":6,"1":6,"2":1},"f":{"0":6},"b":{}}
,"C:\\Users\\leofe\\Documents\\ProjetB3\\models\\Contact.ts": {"path":"C:\\Users\\leofe\\Documents\\ProjetB3\\models\\Contact.ts","statementMap":{"0":{"start":{"line":9,"column":8},"end":{"line":9,"column":null}},"1":{"start":{"line":10,"column":8},"end":{"line":10,"column":null}},"2":{"start":{"line":11,"column":8},"end":{"line":11,"column":null}},"3":{"start":{"line":12,"column":8},"end":{"line":12,"column":null}},"4":{"start":{"line":13,"column":8},"end":{"line":13,"column":null}},"5":{"start":{"line":1,"column":0},"end":{"line":1,"column":13}}},"fnMap":{"0":{"name":"(anonymous_0)","decl":{"start":{"line":8,"column":4},"end":{"line":8,"column":16}},"loc":{"start":{"line":8,"column":79},"end":{"line":14,"column":5}}}},"branchMap":{},"s":{"0":17,"1":17,"2":17,"3":17,"4":17,"5":1},"f":{"0":17},"b":{}}
,"C:\\Users\\leofe\\Documents\\ProjetB3\\repositories\\CiviliteDao.ts": {"path":"C:\\Users\\leofe\\Documents\\ProjetB3\\repositories\\CiviliteDao.ts","statementMap":{"0":{"start":{"line":1,"column":0},"end":{"line":1,"column":44}},"1":{"start":{"line":2,"column":0},"end":{"line":2,"column":44}},"2":{"start":{"line":4,"column":22},"end":{"line":4,"column":40}},"3":{"start":{"line":8,"column":36},"end":{"line":8,"column":38}},"4":{"start":{"line":10,"column":31},"end":{"line":10,"column":70}},"5":{"start":{"line":12,"column":8},"end":{"line":17,"column":null}},"6":{"start":{"line":13,"column":32},"end":{"line":13,"column":60}},"7":{"start":{"line":14,"column":28},"end":{"line":14,"column":52}},"8":{"start":{"line":16,"column":12},"end":{"line":16,"column":null}},"9":{"start":{"line":19,"column":8},"end":{"line":19,"column":25}},"10":{"start":{"line":6,"column":0},"end":{"line":6,"column":13}}},"fnMap":{"0":{"name":"(anonymous_7)","decl":{"start":{"line":7,"column":10},"end":{"line":7,"column":17}},"loc":{"start":{"line":7,"column":17},"end":{"line":20,"column":null}}}},"branchMap":{},"s":{"0":1,"1":1,"2":1,"3":1,"4":1,"5":1,"6":3,"7":3,"8":3,"9":1,"10":1},"f":{"0":1},"b":{}}
,"C:\\Users\\leofe\\Documents\\ProjetB3\\repositories\\ContactDao.ts": {"path":"C:\\Users\\leofe\\Documents\\ProjetB3\\repositories\\ContactDao.ts","statementMap":{"0":{"start":{"line":1,"column":0},"end":{"line":1,"column":42}},"1":{"start":{"line":2,"column":0},"end":{"line":2,"column":44}},"2":{"start":{"line":4,"column":20},"end":{"line":4,"column":38}},"3":{"start":{"line":8,"column":8},"end":{"line":16,"column":null}},"4":{"start":{"line":20,"column":8},"end":{"line":23,"column":null}},"5":{"start":{"line":27,"column":31},"end":{"line":27,"column":33}},"6":{"start":{"line":29,"column":28},"end":{"line":29,"column":66}},"7":{"start":{"line":31,"column":8},"end":{"line":39,"column":null}},"8":{"start":{"line":32,"column":29},"end":{"line":32,"column":55}},"9":{"start":{"line":33,"column":22},"end":{"line":33,"column":41}},"10":{"start":{"line":34,"column":25},"end":{"line":34,"column":47}},"11":{"start":{"line":35,"column":24},"end":{"line":35,"column":45}},"12":{"start":{"line":36,"column":30},"end":{"line":36,"column":57}},"13":{"start":{"line":38,"column":12},"end":{"line":38,"column":null}},"14":{"start":{"line":41,"column":8},"end":{"line":41,"column":24}},"15":{"start":{"line":45,"column":27},"end":{"line":49,"column":10}},"16":{"start":{"line":51,"column":8},"end":{"line":59,"column":null}},"17":{"start":{"line":52,"column":31},"end":{"line":52,"column":57}},"18":{"start":{"line":53,"column":24},"end":{"line":53,"column":43}},"19":{"start":{"line":54,"column":27},"end":{"line":54,"column":49}},"20":{"start":{"line":55,"column":26},"end":{"line":55,"column":47}},"21":{"start":{"line":56,"column":32},"end":{"line":56,"column":59}},"22":{"start":{"line":58,"column":12},"end":{"line":58,"column":77}},"23":{"start":{"line":61,"column":8},"end":{"line":61,"column":null}},"24":{"start":{"line":65,"column":8},"end":{"line":70,"column":null}},"25":{"start":{"line":6,"column":0},"end":{"line":6,"column":13}}},"fnMap":{"0":{"name":"(anonymous_7)","decl":{"start":{"line":7,"column":10},"end":{"line":7,"column":16}},"loc":{"start":{"line":7,"column":32},"end":{"line":17,"column":null}}},"1":{"name":"(anonymous_9)","decl":{"start":{"line":19,"column":10},"end":{"line":19,"column":16}},"loc":{"start":{"line":19,"column":27},"end":{"line":24,"column":null}}},"2":{"name":"(anonymous_11)","decl":{"start":{"line":26,"column":10},"end":{"line":26,"column":17}},"loc":{"start":{"line":26,"column":17},"end":{"line":42,"column":null}}},"3":{"name":"(anonymous_13)","decl":{"start":{"line":44,"column":10},"end":{"line":44,"column":18}},"loc":{"start":{"line":44,"column":29},"end":{"line":62,"column":null}}},"4":{"name":"(anonymous_15)","decl":{"start":{"line":64,"column":10},"end":{"line":64,"column":16}},"loc":{"start":{"line":64,"column":36},"end":{"line":71,"column":null}}}},"branchMap":{"0":{"loc":{"start":{"line":51,"column":8},"end":{"line":59,"column":null}},"type":"if","locations":[{"start":{"line":51,"column":8},"end":{"line":59,"column":null}}]}},"s":{"0":1,"1":1,"2":1,"3":6,"4":6,"5":2,"6":2,"7":2,"8":3,"9":3,"10":3,"11":3,"12":3,"13":3,"14":2,"15":10,"16":10,"17":8,"18":8,"19":8,"20":8,"21":8,"22":8,"23":2,"24":1,"25":1},"f":{"0":6,"1":6,"2":2,"3":10,"4":1},"b":{"0":[8]}}
,"C:\\Users\\leofe\\Documents\\ProjetB3\\services\\CiviliteService.ts": {"path":"C:\\Users\\leofe\\Documents\\ProjetB3\\services\\CiviliteService.ts","statementMap":{"0":{"start":{"line":1,"column":0},"end":{"line":1,"column":56}},"1":{"start":{"line":3,"column":21},"end":{"line":3,"column":38}},"2":{"start":{"line":7,"column":8},"end":{"line":7,"column":null}},"3":{"start":{"line":5,"column":0},"end":{"line":5,"column":13}}},"fnMap":{"0":{"name":"(anonymous_7)","decl":{"start":{"line":6,"column":4},"end":{"line":6,"column":10}},"loc":{"start":{"line":6,"column":24},"end":{"line":8,"column":null}}}},"branchMap":{},"s":{"0":1,"1":1,"2":1,"3":1},"f":{"0":1},"b":{}}
,"C:\\Users\\leofe\\Documents\\ProjetB3\\services\\ContactService.ts": {"path":"C:\\Users\\leofe\\Documents\\ProjetB3\\services\\ContactService.ts","statementMap":{"0":{"start":{"line":2,"column":0},"end":{"line":2,"column":54}},"1":{"start":{"line":4,"column":20},"end":{"line":4,"column":36}},"2":{"start":{"line":8,"column":8},"end":{"line":8,"column":null}},"3":{"start":{"line":12,"column":8},"end":{"line":12,"column":null}},"4":{"start":{"line":16,"column":8},"end":{"line":17,"column":null}},"5":{"start":{"line":17,"column":12},"end":{"line":17,"column":null}},"6":{"start":{"line":21,"column":8},"end":{"line":21,"column":null}},"7":{"start":{"line":25,"column":8},"end":{"line":25,"column":null}},"8":{"start":{"line":6,"column":0},"end":{"line":6,"column":13}}},"fnMap":{"0":{"name":"(anonymous_7)","decl":{"start":{"line":7,"column":4},"end":{"line":7,"column":10}},"loc":{"start":{"line":7,"column":24},"end":{"line":9,"column":null}}},"1":{"name":"(anonymous_9)","decl":{"start":{"line":11,"column":4},"end":{"line":11,"column":10}},"loc":{"start":{"line":11,"column":40},"end":{"line":13,"column":null}}},"2":{"name":"(anonymous_11)","decl":{"start":{"line":15,"column":4},"end":{"line":15,"column":10}},"loc":{"start":{"line":15,"column":34},"end":{"line":18,"column":null}}},"3":{"name":"(anonymous_13)","decl":{"start":{"line":20,"column":4},"end":{"line":20,"column":10}},"loc":{"start":{"line":20,"column":36},"end":{"line":22,"column":null}}},"4":{"name":"(anonymous_15)","decl":{"start":{"line":24,"column":4},"end":{"line":24,"column":10}},"loc":{"start":{"line":24,"column":45},"end":{"line":26,"column":null}}}},"branchMap":{"0":{"loc":{"start":{"line":16,"column":8},"end":{"line":17,"column":null}},"type":"if","locations":[{"start":{"line":16,"column":8},"end":{"line":17,"column":null}}]}},"s":{"0":1,"1":1,"2":2,"3":6,"4":7,"5":6,"6":10,"7":1,"8":1},"f":{"0":2,"1":6,"2":7,"3":10,"4":1},"b":{"0":[6]}}
}
