{"C:\\Users\\leofe\\Documents\\ProjetB3\\index.ts": {"path":"C:\\Users\\leofe\\Documents\\ProjetB3\\index.ts","statementMap":{"0":{"start":{"line":1,"column":0},"end":{"line":1,"column":35}},"1":{"start":{"line":2,"column":0},"end":{"line":2,"column":43}},"2":{"start":{"line":3,"column":0},"end":{"line":3,"column":41}},"3":{"start":{"line":4,"column":0},"end":{"line":4,"column":57}},"4":{"start":{"line":5,"column":0},"end":{"line":5,"column":59}},"5":{"start":{"line":7,"column":12},"end":{"line":7,"column":21}},"6":{"start":{"line":8,"column":13},"end":{"line":8,"column":33}},"7":{"start":{"line":10,"column":0},"end":{"line":10,"column":28}},"8":{"start":{"line":12,"column":0},"end":{"line":12,"column":null}},"9":{"start":{"line":13,"column":0},"end":{"line":13,"column":null}},"10":{"start":{"line":15,"column":0},"end":{"line":17,"column":null}},"11":{"start":{"line":15,"column":49},"end":{"line":17,"column":2}},"12":{"start":{"line":16,"column":4},"end":{"line":16,"column":null}},"13":{"start":{"line":19,"column":0},"end":{"line":23,"column":null}},"14":{"start":{"line":19,"column":53},"end":{"line":23,"column":2}},"15":{"start":{"line":20,"column":23},"end":{"line":20,"column":50}},"16":{"start":{"line":22,"column":4},"end":{"line":22,"column":null}},"17":{"start":{"line":25,"column":0},"end":{"line":31,"column":null}},"18":{"start":{"line":25,"column":53},"end":{"line":31,"column":2}},"19":{"start":{"line":26,"column":23},"end":{"line":26,"column":50}},"20":{"start":{"line":28,"column":4},"end":{"line":28,"column":null}},"21":{"start":{"line":30,"column":4},"end":{"line":30,"column":null}},"22":{"start":{"line":33,"column":0},"end":{"line":43,"column":null}},"23":{"start":{"line":33,"column":49},"end":{"line":43,"column":2}},"24":{"start":{"line":34,"column":23},"end":{"line":34,"column":46}},"25":{"start":{"line":35,"column":16},"end":{"line":35,"column":32}},"26":{"start":{"line":36,"column":19},"end":{"line":36,"column":38}},"27":{"start":{"line":37,"column":18},"end":{"line":37,"column":36}},"28":{"start":{"line":38,"column":24},"end":{"line":38,"column":48}},"29":{"start":{"line":40,"column":4},"end":{"line":40,"column":null}},"30":{"start":{"line":42,"column":4},"end":{"line":42,"column":null}},"31":{"start":{"line":45,"column":0},"end":{"line":51,"column":null}},"32":{"start":{"line":45,"column":56},"end":{"line":51,"column":2}},"33":{"start":{"line":46,"column":23},"end":{"line":46,"column":50}},"34":{"start":{"line":48,"column":4},"end":{"line":48,"column":null}},"35":{"start":{"line":50,"column":4},"end":{"line":50,"column":null}},"36":{"start":{"line":53,"column":0},"end":{"line":55,"column":null}},"37":{"start":{"line":53,"column":50},"end":{"line":55,"column":2}},"38":{"start":{"line":54,"column":4},"end":{"line":54,"column":null}},"39":{"start":{"line":57,"column":15},"end":{"line":59,"column":2}},"40":{"start":{"line":58,"column":4},"end":{"line":58,"column":null}},"41":{"start":{"line":61,"column":0},"end":{"line":61,"column":null}}},"fnMap":{"0":{"name":"(anonymous_7)","decl":{"start":{"line":15,"column":21},"end":{"line":15,"column":28}},"loc":{"start":{"line":15,"column":49},"end":{"line":17,"column":2}}},"1":{"name":"(anonymous_8)","decl":{"start":{"line":15,"column":49},"end":{"line":15,"column":null}},"loc":{"start":{"line":15,"column":49},"end":{"line":17,"column":1}}},"2":{"name":"(anonymous_9)","decl":{"start":{"line":19,"column":25},"end":{"line":19,"column":32}},"loc":{"start":{"line":19,"column":53},"end":{"line":23,"column":2}}},"3":{"name":"(anonymous_10)","decl":{"start":{"line":19,"column":53},"end":{"line":19,"column":null}},"loc":{"start":{"line":19,"column":53},"end":{"line":23,"column":1}}},"4":{"name":"(anonymous_11)","decl":{"start":{"line":25,"column":25},"end":{"line":25,"column":32}},"loc":{"start":{"line":25,"column":53},"end":{"line":31,"column":2}}},"5":{"name":"(anonymous_12)","decl":{"start":{"line":25,"column":53},"end":{"line":25,"column":null}},"loc":{"start":{"line":25,"column":53},"end":{"line":31,"column":1}}},"6":{"name":"(anonymous_13)","decl":{"start":{"line":33,"column":21},"end":{"line":33,"column":28}},"loc":{"start":{"line":33,"column":49},"end":{"line":43,"column":2}}},"7":{"name":"(anonymous_14)","decl":{"start":{"line":33,"column":49},"end":{"line":33,"column":null}},"loc":{"start":{"line":33,"column":49},"end":{"line":43,"column":1}}},"8":{"name":"(anonymous_15)","decl":{"start":{"line":45,"column":28},"end":{"line":45,"column":35}},"loc":{"start":{"line":45,"column":56},"end":{"line":51,"column":2}}},"9":{"name":"(anonymous_16)","decl":{"start":{"line":45,"column":56},"end":{"line":45,"column":null}},"loc":{"start":{"line":45,"column":56},"end":{"line":51,"column":1}}},"10":{"name":"(anonymous_17)","decl":{"start":{"line":53,"column":22},"end":{"line":53,"column":29}},"loc":{"start":{"line":53,"column":50},"end":{"line":55,"column":2}}},"11":{"name":"(anonymous_18)","decl":{"start":{"line":53,"column":50},"end":{"line":53,"column":null}},"loc":{"start":{"line":53,"column":50},"end":{"line":55,"column":1}}},"12":{"name":"(anonymous_19)","decl":{"start":{"line":57,"column":32},"end":{"line":57,"column":35}},"loc":{"start":{"line":57,"column":37},"end":{"line":59,"column":1}}}},"branchMap":{},"s":{"0":1,"1":1,"2":1,"3":1,"4":1,"5":1,"6":1,"7":1,"8":1,"9":1,"10":1,"11":1,"12":1,"13":1,"14":1,"15":1,"16":1,"17":1,"18":1,"19":1,"20":1,"21":1,"22":1,"23":1,"24":1,"25":1,"26":1,"27":1,"28":1,"29":1,"30":1,"31":1,"32":1,"33":1,"34":1,"35":1,"36":1,"37":1,"38":1,"39":1,"40":1,"41":1},"f":{"0":1,"1":1,"2":1,"3":1,"4":1,"5":1,"6":1,"7":1,"8":1,"9":1,"10":1,"11":1,"12":1},"b":{}}
,"C:\\Users\\leofe\\Documents\\ProjetB3\\models\\Civilite.ts": {"path":"C:\\Users\\leofe\\Documents\\ProjetB3\\models\\Civilite.ts","statementMap":{"0":{"start":{"line":6,"column":8},"end":{"line":6,"column":null}},"1":{"start":{"line":7,"column":8},"end":{"line":7,"column":null}},"2":{"start":{"line":1,"column":0},"end":{"line":1,"column":13}}},"fnMap":{"0":{"name":"(anonymous_0)","decl":{"start":{"line":5,"column":4},"end":{"line":5,"column":16}},"loc":{"start":{"line":5,"column":40},"end":{"line":8,"column":5}}}},"branchMap":{},"s":{"0":12,"1":12,"2":2},"f":{"0":12},"b":{}}
,"C:\\Users\\leofe\\Documents\\ProjetB3\\models\\Contact.ts": {"path":"C:\\Users\\leofe\\Documents\\ProjetB3\\models\\Contact.ts","statementMap":{"0":{"start":{"line":9,"column":8},"end":{"line":9,"column":null}},"1":{"start":{"line":10,"column":8},"end":{"line":10,"column":null}},"2":{"start":{"line":11,"column":8},"end":{"line":11,"column":null}},"3":{"start":{"line":12,"column":8},"end":{"line":12,"column":null}},"4":{"start":{"line":13,"column":8},"end":{"line":13,"column":null}},"5":{"start":{"line":1,"column":0},"end":{"line":1,"column":13}}},"fnMap":{"0":{"name":"(anonymous_0)","decl":{"start":{"line":8,"column":4},"end":{"line":8,"column":16}},"loc":{"start":{"line":8,"column":79},"end":{"line":14,"column":5}}}},"branchMap":{},"s":{"0":45,"1":45,"2":45,"3":45,"4":45,"5":2},"f":{"0":45},"b":{}}
,"C:\\Users\\leofe\\Documents\\ProjetB3\\repositories\\CiviliteDao.ts": {"path":"C:\\Users\\leofe\\Documents\\ProjetB3\\repositories\\CiviliteDao.ts","statementMap":{"0":{"start":{"line":1,"column":0},"end":{"line":1,"column":44}},"1":{"start":{"line":2,"column":0},"end":{"line":2,"column":44}},"2":{"start":{"line":4,"column":22},"end":{"line":4,"column":40}},"3":{"start":{"line":8,"column":36},"end":{"line":8,"column":38}},"4":{"start":{"line":10,"column":31},"end":{"line":10,"column":70}},"5":{"start":{"line":12,"column":8},"end":{"line":17,"column":null}},"6":{"start":{"line":13,"column":32},"end":{"line":13,"column":60}},"7":{"start":{"line":14,"column":28},"end":{"line":14,"column":52}},"8":{"start":{"line":16,"column":12},"end":{"line":16,"column":null}},"9":{"start":{"line":19,"column":8},"end":{"line":19,"column":25}},"10":{"start":{"line":6,"column":0},"end":{"line":6,"column":13}}},"fnMap":{"0":{"name":"(anonymous_7)","decl":{"start":{"line":7,"column":10},"end":{"line":7,"column":17}},"loc":{"start":{"line":7,"column":17},"end":{"line":20,"column":null}}}},"branchMap":{},"s":{"0":2,"1":2,"2":2,"3":2,"4":2,"5":2,"6":6,"7":6,"8":6,"9":2,"10":2},"f":{"0":2},"b":{}}
,"C:\\Users\\leofe\\Documents\\ProjetB3\\repositories\\ContactDao.ts": {"path":"C:\\Users\\leofe\\Documents\\ProjetB3\\repositories\\ContactDao.ts","statementMap":{"0":{"start":{"line":1,"column":0},"end":{"line":1,"column":42}},"1":{"start":{"line":2,"column":0},"end":{"line":2,"column":44}},"2":{"start":{"line":4,"column":22},"end":{"line":4,"column":40}},"3":{"start":{"line":8,"column":8},"end":{"line":16,"column":null}},"4":{"start":{"line":20,"column":8},"end":{"line":24,"column":null}},"5":{"start":{"line":28,"column":34},"end":{"line":28,"column":36}},"6":{"start":{"line":30,"column":30},"end":{"line":30,"column":68}},"7":{"start":{"line":32,"column":8},"end":{"line":40,"column":null}},"8":{"start":{"line":33,"column":31},"end":{"line":33,"column":57}},"9":{"start":{"line":34,"column":24},"end":{"line":34,"column":43}},"10":{"start":{"line":35,"column":27},"end":{"line":35,"column":49}},"11":{"start":{"line":36,"column":26},"end":{"line":36,"column":47}},"12":{"start":{"line":37,"column":32},"end":{"line":37,"column":59}},"13":{"start":{"line":39,"column":12},"end":{"line":39,"column":null}},"14":{"start":{"line":42,"column":8},"end":{"line":42,"column":24}},"15":{"start":{"line":46,"column":29},"end":{"line":50,"column":10}},"16":{"start":{"line":52,"column":8},"end":{"line":60,"column":null}},"17":{"start":{"line":53,"column":31},"end":{"line":53,"column":57}},"18":{"start":{"line":54,"column":24},"end":{"line":54,"column":43}},"19":{"start":{"line":55,"column":27},"end":{"line":55,"column":49}},"20":{"start":{"line":56,"column":26},"end":{"line":56,"column":47}},"21":{"start":{"line":57,"column":32},"end":{"line":57,"column":59}},"22":{"start":{"line":59,"column":12},"end":{"line":59,"column":76}},"23":{"start":{"line":62,"column":8},"end":{"line":62,"column":null}},"24":{"start":{"line":66,"column":8},"end":{"line":71,"column":null}},"25":{"start":{"line":6,"column":0},"end":{"line":6,"column":13}}},"fnMap":{"0":{"name":"(anonymous_7)","decl":{"start":{"line":7,"column":10},"end":{"line":7,"column":16}},"loc":{"start":{"line":7,"column":33},"end":{"line":17,"column":null}}},"1":{"name":"(anonymous_9)","decl":{"start":{"line":19,"column":10},"end":{"line":19,"column":16}},"loc":{"start":{"line":19,"column":27},"end":{"line":25,"column":null}}},"2":{"name":"(anonymous_11)","decl":{"start":{"line":27,"column":10},"end":{"line":27,"column":17}},"loc":{"start":{"line":27,"column":17},"end":{"line":43,"column":null}}},"3":{"name":"(anonymous_13)","decl":{"start":{"line":45,"column":10},"end":{"line":45,"column":18}},"loc":{"start":{"line":45,"column":29},"end":{"line":63,"column":null}}},"4":{"name":"(anonymous_15)","decl":{"start":{"line":65,"column":10},"end":{"line":65,"column":16}},"loc":{"start":{"line":65,"column":38},"end":{"line":72,"column":null}}}},"branchMap":{"0":{"loc":{"start":{"line":52,"column":8},"end":{"line":60,"column":null}},"type":"if","locations":[{"start":{"line":52,"column":8},"end":{"line":60,"column":null}}]}},"s":{"0":2,"1":2,"2":2,"3":19,"4":18,"5":3,"6":3,"7":3,"8":5,"9":5,"10":5,"11":5,"12":5,"13":5,"14":3,"15":24,"16":24,"17":21,"18":21,"19":21,"20":21,"21":21,"22":21,"23":3,"24":2,"25":2},"f":{"0":19,"1":18,"2":3,"3":24,"4":2},"b":{"0":[21]}}
,"C:\\Users\\leofe\\Documents\\ProjetB3\\services\\CiviliteService.ts": {"path":"C:\\Users\\leofe\\Documents\\ProjetB3\\services\\CiviliteService.ts","statementMap":{"0":{"start":{"line":1,"column":0},"end":{"line":1,"column":56}},"1":{"start":{"line":3,"column":21},"end":{"line":3,"column":38}},"2":{"start":{"line":7,"column":8},"end":{"line":7,"column":null}},"3":{"start":{"line":5,"column":0},"end":{"line":5,"column":13}}},"fnMap":{"0":{"name":"(anonymous_7)","decl":{"start":{"line":6,"column":4},"end":{"line":6,"column":10}},"loc":{"start":{"line":6,"column":24},"end":{"line":8,"column":null}}}},"branchMap":{},"s":{"0":2,"1":2,"2":2,"3":2},"f":{"0":2},"b":{}}
,"C:\\Users\\leofe\\Documents\\ProjetB3\\services\\ContactService.ts": {"path":"C:\\Users\\leofe\\Documents\\ProjetB3\\services\\ContactService.ts","statementMap":{"0":{"start":{"line":2,"column":0},"end":{"line":2,"column":54}},"1":{"start":{"line":4,"column":20},"end":{"line":4,"column":36}},"2":{"start":{"line":8,"column":8},"end":{"line":8,"column":null}},"3":{"start":{"line":12,"column":8},"end":{"line":12,"column":null}},"4":{"start":{"line":16,"column":8},"end":{"line":17,"column":null}},"5":{"start":{"line":17,"column":12},"end":{"line":17,"column":null}},"6":{"start":{"line":21,"column":8},"end":{"line":21,"column":null}},"7":{"start":{"line":25,"column":8},"end":{"line":25,"column":null}},"8":{"start":{"line":6,"column":0},"end":{"line":6,"column":13}}},"fnMap":{"0":{"name":"(anonymous_7)","decl":{"start":{"line":7,"column":4},"end":{"line":7,"column":10}},"loc":{"start":{"line":7,"column":24},"end":{"line":9,"column":null}}},"1":{"name":"(anonymous_9)","decl":{"start":{"line":11,"column":4},"end":{"line":11,"column":10}},"loc":{"start":{"line":11,"column":40},"end":{"line":13,"column":null}}},"2":{"name":"(anonymous_11)","decl":{"start":{"line":15,"column":4},"end":{"line":15,"column":10}},"loc":{"start":{"line":15,"column":34},"end":{"line":18,"column":null}}},"3":{"name":"(anonymous_13)","decl":{"start":{"line":20,"column":4},"end":{"line":20,"column":10}},"loc":{"start":{"line":20,"column":36},"end":{"line":22,"column":null}}},"4":{"name":"(anonymous_15)","decl":{"start":{"line":24,"column":4},"end":{"line":24,"column":10}},"loc":{"start":{"line":24,"column":45},"end":{"line":26,"column":null}}}},"branchMap":{"0":{"loc":{"start":{"line":16,"column":8},"end":{"line":17,"column":null}},"type":"if","locations":[{"start":{"line":16,"column":8},"end":{"line":17,"column":null}}]}},"s":{"0":2,"1":2,"2":3,"3":19,"4":20,"5":18,"6":24,"7":2,"8":2},"f":{"0":3,"1":19,"2":20,"3":24,"4":2},"b":{"0":[18]}}
}
