TN:
SF:models\Civilite.ts
FN:5,(anonymous_0)
FNF:1
FNH:1
FNDA:6,(anonymous_0)
DA:1,1
DA:6,6
DA:7,6
LF:3
LH:3
BRF:0
BRH:0
end_of_record
TN:
SF:models\Contact.ts
FN:8,(anonymous_0)
FNF:1
FNH:1
FNDA:17,(anonymous_0)
DA:1,1
DA:9,17
DA:10,17
DA:11,17
DA:12,17
DA:13,17
LF:6
LH:6
BRF:0
BRH:0
end_of_record
TN:
SF:repositories\CiviliteDao.ts
FN:7,(anonymous_7)
FNF:1
FNH:1
FNDA:1,(anonymous_7)
DA:1,1
DA:2,1
DA:4,1
DA:6,1
DA:8,1
DA:10,1
DA:12,1
DA:13,3
DA:14,3
DA:16,3
DA:19,1
LF:11
LH:11
BRF:0
BRH:0
end_of_record
TN:
SF:repositories\ContactDao.ts
FN:7,(anonymous_7)
FN:19,(anonymous_9)
FN:26,(anonymous_11)
FN:44,(anonymous_13)
FN:64,(anonymous_15)
FNF:5
FNH:5
FNDA:6,(anonymous_7)
FNDA:6,(anonymous_9)
FNDA:2,(anonymous_11)
FNDA:10,(anonymous_13)
FNDA:1,(anonymous_15)
DA:1,1
DA:2,1
DA:4,1
DA:6,1
DA:8,6
DA:20,6
DA:27,2
DA:29,2
DA:31,2
DA:32,3
DA:33,3
DA:34,3
DA:35,3
DA:36,3
DA:38,3
DA:41,2
DA:45,10
DA:51,10
DA:52,8
DA:53,8
DA:54,8
DA:55,8
DA:56,8
DA:58,8
DA:61,2
DA:65,1
LF:26
LH:26
BRDA:51,0,0,8
BRF:1
BRH:1
end_of_record
TN:
SF:services\CiviliteService.ts
FN:6,(anonymous_7)
FNF:1
FNH:1
FNDA:1,(anonymous_7)
DA:1,1
DA:3,1
DA:5,1
DA:7,1
LF:4
LH:4
BRF:0
BRH:0
end_of_record
TN:
SF:services\ContactService.ts
FN:7,(anonymous_7)
FN:11,(anonymous_9)
FN:15,(anonymous_11)
FN:20,(anonymous_13)
FN:24,(anonymous_15)
FNF:5
FNH:5
FNDA:2,(anonymous_7)
FNDA:6,(anonymous_9)
FNDA:7,(anonymous_11)
FNDA:10,(anonymous_13)
FNDA:1,(anonymous_15)
DA:2,1
DA:4,1
DA:6,1
DA:8,2
DA:12,6
DA:16,7
DA:17,6
DA:21,10
DA:25,1
LF:9
LH:9
BRDA:16,0,0,6
BRF:1
BRH:1
end_of_record
