TN:
SF:index.ts
FN:15,(anonymous_7)
FN:15,(anonymous_8)
FN:19,(anonymous_9)
FN:19,(anonymous_10)
FN:25,(anonymous_11)
FN:25,(anonymous_12)
FN:33,(anonymous_13)
FN:33,(anonymous_14)
FN:45,(anonymous_15)
FN:45,(anonymous_16)
FN:53,(anonymous_17)
FN:53,(anonymous_18)
FN:57,(anonymous_19)
FNF:13
FNH:13
FNDA:1,(anonymous_7)
FNDA:1,(anonymous_8)
FNDA:1,(anonymous_9)
FNDA:1,(anonymous_10)
FNDA:1,(anonymous_11)
FNDA:1,(anonymous_12)
FNDA:1,(anonymous_13)
FNDA:1,(anonymous_14)
FNDA:1,(anonymous_15)
FNDA:1,(anonymous_16)
FNDA:1,(anonymous_17)
FNDA:1,(anonymous_18)
FNDA:1,(anonymous_19)
DA:1,1
DA:2,1
DA:3,1
DA:4,1
DA:5,1
DA:7,1
DA:8,1
DA:10,1
DA:12,1
DA:13,1
DA:15,1
DA:16,1
DA:19,1
DA:20,1
DA:22,1
DA:25,1
DA:26,1
DA:28,1
DA:30,1
DA:33,1
DA:34,1
DA:35,1
DA:36,1
DA:37,1
DA:38,1
DA:40,1
DA:42,1
DA:45,1
DA:46,1
DA:48,1
DA:50,1
DA:53,1
DA:54,1
DA:57,1
DA:58,1
DA:61,1
LF:36
LH:36
BRF:0
BRH:0
end_of_record
TN:
SF:models\Civilite.ts
FN:5,(anonymous_0)
FNF:1
FNH:1
FNDA:12,(anonymous_0)
DA:1,2
DA:6,12
DA:7,12
LF:3
LH:3
BRF:0
BRH:0
end_of_record
TN:
SF:models\Contact.ts
FN:8,(anonymous_0)
FNF:1
FNH:1
FNDA:45,(anonymous_0)
DA:1,2
DA:9,45
DA:10,45
DA:11,45
DA:12,45
DA:13,45
LF:6
LH:6
BRF:0
BRH:0
end_of_record
TN:
SF:repositories\CiviliteDao.ts
FN:7,(anonymous_7)
FNF:1
FNH:1
FNDA:2,(anonymous_7)
DA:1,2
DA:2,2
DA:4,2
DA:6,2
DA:8,2
DA:10,2
DA:12,2
DA:13,6
DA:14,6
DA:16,6
DA:19,2
LF:11
LH:11
BRF:0
BRH:0
end_of_record
TN:
SF:repositories\ContactDao.ts
FN:7,(anonymous_7)
FN:19,(anonymous_9)
FN:27,(anonymous_11)
FN:45,(anonymous_13)
FN:65,(anonymous_15)
FNF:5
FNH:5
FNDA:19,(anonymous_7)
FNDA:18,(anonymous_9)
FNDA:3,(anonymous_11)
FNDA:24,(anonymous_13)
FNDA:2,(anonymous_15)
DA:1,2
DA:2,2
DA:4,2
DA:6,2
DA:8,19
DA:20,18
DA:28,3
DA:30,3
DA:32,3
DA:33,5
DA:34,5
DA:35,5
DA:36,5
DA:37,5
DA:39,5
DA:42,3
DA:46,24
DA:52,24
DA:53,21
DA:54,21
DA:55,21
DA:56,21
DA:57,21
DA:59,21
DA:62,3
DA:66,2
LF:26
LH:26
BRDA:52,0,0,21
BRF:1
BRH:1
end_of_record
TN:
SF:services\CiviliteService.ts
FN:6,(anonymous_7)
FNF:1
FNH:1
FNDA:2,(anonymous_7)
DA:1,2
DA:3,2
DA:5,2
DA:7,2
LF:4
LH:4
BRF:0
BRH:0
end_of_record
TN:
SF:services\ContactService.ts
FN:7,(anonymous_7)
FN:11,(anonymous_9)
FN:15,(anonymous_11)
FN:20,(anonymous_13)
FN:24,(anonymous_15)
FNF:5
FNH:5
FNDA:3,(anonymous_7)
FNDA:19,(anonymous_9)
FNDA:20,(anonymous_11)
FNDA:24,(anonymous_13)
FNDA:2,(anonymous_15)
DA:2,2
DA:4,2
DA:6,2
DA:8,3
DA:12,19
DA:16,20
DA:17,18
DA:21,24
DA:25,2
LF:9
LH:9
BRDA:16,0,0,18
BRF:1
BRH:1
end_of_record
